g:\freework\visual stdio build\c\work5\work5\debug\vc141.pdb
g:\freework\visual stdio build\c\work5\work5\debug\vc141.idb
g:\freework\visual stdio build\c\work5\work5\debug\string.obj
g:\freework\visual stdio build\c\work5\work5\debug\sm3.obj
g:\freework\visual stdio build\c\work5\work5\debug\main.obj
g:\freework\visual stdio build\c\work5\work5\debug\inputinfo.obj
g:\freework\visual stdio build\c\work5\work5\debug\function.obj
g:\freework\visual stdio build\c\work5\work5\debug\epointoperation.obj
g:\freework\visual stdio build\c\work5\work5\debug\constvalueforsm2.obj
g:\freework\visual stdio build\c\work5\work5\debug\bitlist.obj
g:\freework\visual stdio build\c\work5\work5\debug\functionl.obj
g:\freework\visual stdio build\c\work5\debug\work5.exe
g:\freework\visual stdio build\c\work5\debug\work5.ilk
g:\freework\visual stdio build\c\work5\debug\work5.pdb
g:\freework\visual stdio build\c\work5\work5\debug\work5.tlog\cl.command.1.tlog
g:\freework\visual stdio build\c\work5\work5\debug\work5.tlog\cl.read.1.tlog
g:\freework\visual stdio build\c\work5\work5\debug\work5.tlog\cl.write.1.tlog
g:\freework\visual stdio build\c\work5\work5\debug\work5.tlog\link.command.1.tlog
g:\freework\visual stdio build\c\work5\work5\debug\work5.tlog\link.read.1.tlog
g:\freework\visual stdio build\c\work5\work5\debug\work5.tlog\link.write.1.tlog
